0 info it worked if it ends with ok
1 verbose cli [ '/usr/local/bin/node',
1 verbose cli   '/usr/local/bin/npm',
1 verbose cli   'install',
1 verbose cli   '--save-dev',
1 verbose cli   'browserify' ]
2 info using npm@1.4.28
3 info using node@v0.10.38
4 warn package.json repiws@1.0.0 No description
5 warn package.json repiws@1.0.0 No repository field.
6 warn package.json repiws@1.0.0 No README data
7 verbose readDependencies using package.json deps
8 verbose cache add [ 'browserify', null ]
9 verbose cache add name=undefined spec="browserify" args=["browserify",null]
10 verbose parsed url { protocol: null,
10 verbose parsed url   slashes: null,
10 verbose parsed url   auth: null,
10 verbose parsed url   host: null,
10 verbose parsed url   port: null,
10 verbose parsed url   hostname: null,
10 verbose parsed url   hash: null,
10 verbose parsed url   search: null,
10 verbose parsed url   query: null,
10 verbose parsed url   pathname: 'browserify',
10 verbose parsed url   path: 'browserify',
10 verbose parsed url   href: 'browserify' }
11 silly lockFile 84c1c54e-browserify browserify
12 verbose lock browserify /home/morathil/.npm/84c1c54e-browserify.lock
13 silly lockFile 84c1c54e-browserify browserify
14 silly lockFile 84c1c54e-browserify browserify
15 verbose addNamed [ 'browserify', '' ]
16 verbose addNamed [ null, '*' ]
17 silly lockFile 80140245-browserify browserify@
18 verbose lock browserify@ /home/morathil/.npm/80140245-browserify.lock
19 silly addNameRange { name: 'browserify', range: '*', hasData: false }
20 verbose request where is /browserify
21 verbose request registry https://registry.npmjs.org/
22 verbose request id 74f921a2c5c4a532
23 verbose url raw /browserify
24 verbose url resolving [ 'https://registry.npmjs.org/', './browserify' ]
25 verbose url resolved https://registry.npmjs.org/browserify
26 verbose request where is https://registry.npmjs.org/browserify
27 info trying registry request attempt 1 at 22:49:35
28 verbose etag "4LBZHCQ3L6OUD0CNJ41KFKQUK"
29 http GET https://registry.npmjs.org/browserify
30 http 304 https://registry.npmjs.org/browserify
31 silly registry.get cb [ 304,
31 silly registry.get   { date: 'Sat, 20 Jun 2015 20:49:36 GMT',
31 silly registry.get     via: '1.1 varnish',
31 silly registry.get     'cache-control': 'max-age=60',
31 silly registry.get     etag: '"4LBZHCQ3L6OUD0CNJ41KFKQUK"',
31 silly registry.get     age: '28',
31 silly registry.get     connection: 'keep-alive',
31 silly registry.get     'x-served-by': 'cache-fra1225-FRA',
31 silly registry.get     'x-cache': 'HIT',
31 silly registry.get     'x-cache-hits': '1',
31 silly registry.get     'x-timer': 'S1434833376.190801,VS0,VE3',
31 silly registry.get     vary: 'Accept' } ]
32 verbose etag https://registry.npmjs.org/browserify from cache
33 silly addNameRange number 2 { name: 'browserify', range: '*', hasData: true }
34 silly addNameRange versions [ 'browserify',
34 silly addNameRange   [ '0.0.1',
34 silly addNameRange     '0.0.2',
34 silly addNameRange     '0.0.3',
34 silly addNameRange     '0.0.4',
34 silly addNameRange     '0.0.5',
34 silly addNameRange     '0.1.0',
34 silly addNameRange     '0.1.1',
34 silly addNameRange     '0.1.2',
34 silly addNameRange     '0.1.3',
34 silly addNameRange     '0.1.4',
34 silly addNameRange     '0.1.5',
34 silly addNameRange     '0.2.0',
34 silly addNameRange     '0.2.1',
34 silly addNameRange     '0.2.2',
34 silly addNameRange     '0.2.3',
34 silly addNameRange     '0.2.4',
34 silly addNameRange     '0.2.5',
34 silly addNameRange     '0.2.6',
34 silly addNameRange     '0.2.7',
34 silly addNameRange     '0.2.8',
34 silly addNameRange     '0.2.9',
34 silly addNameRange     '0.2.10',
34 silly addNameRange     '0.2.11',
34 silly addNameRange     '0.3.0',
34 silly addNameRange     '0.3.1',
34 silly addNameRange     '0.3.2',
34 silly addNameRange     '0.3.3',
34 silly addNameRange     '0.3.4',
34 silly addNameRange     '0.3.5',
34 silly addNameRange     '0.3.6',
34 silly addNameRange     '0.3.7',
34 silly addNameRange     '0.4.0',
34 silly addNameRange     '0.4.1',
34 silly addNameRange     '0.4.2',
34 silly addNameRange     '0.4.3',
34 silly addNameRange     '0.4.4',
34 silly addNameRange     '0.4.5',
34 silly addNameRange     '0.4.6',
34 silly addNameRange     '0.4.7',
34 silly addNameRange     '0.4.8',
34 silly addNameRange     '0.4.9',
34 silly addNameRange     '0.4.10',
34 silly addNameRange     '0.4.11',
34 silly addNameRange     '0.4.12',
34 silly addNameRange     '0.4.13',
34 silly addNameRange     '0.4.14',
34 silly addNameRange     '0.4.15',
34 silly addNameRange     '0.5.0',
34 silly addNameRange     '0.5.1',
34 silly addNameRange     '0.5.2',
34 silly addNameRange     '1.0.0',
34 silly addNameRange     '1.1.0',
34 silly addNameRange     '1.1.1',
34 silly addNameRange     '1.1.2',
34 silly addNameRange     '1.1.3',
34 silly addNameRange     '1.1.4',
34 silly addNameRange     '1.2.0',
34 silly addNameRange     '1.2.1',
34 silly addNameRange     '1.2.2',
34 silly addNameRange     '1.2.3',
34 silly addNameRange     '1.2.4',
34 silly addNameRange     '1.2.5',
34 silly addNameRange     '1.2.6',
34 silly addNameRange     '1.2.7',
34 silly addNameRange     '1.2.8',
34 silly addNameRange     '1.2.9',
34 silly addNameRange     '1.3.0',
34 silly addNameRange     '1.4.0',
34 silly addNameRange     '1.4.1',
34 silly addNameRange     '1.4.2',
34 silly addNameRange     '1.4.3',
34 silly addNameRange     '1.4.4',
34 silly addNameRange     '1.4.5',
34 silly addNameRange     '1.4.6',
34 silly addNameRange     '1.4.7',
34 silly addNameRange     '1.4.8',
34 silly addNameRange     '1.5.0',
34 silly addNameRange     '1.6.0',
34 silly addNameRange     '1.6.1',
34 silly addNameRange     '1.7.0',
34 silly addNameRange     '1.7.1',
34 silly addNameRange     '1.7.2',
34 silly addNameRange     '1.7.3',
34 silly addNameRange     '1.7.4',
34 silly addNameRange     '1.7.5',
34 silly addNameRange     '1.7.6',
34 silly addNameRange     '1.7.7',
34 silly addNameRange     '1.8.0',
34 silly addNameRange     '1.8.1',
34 silly addNameRange     '1.8.2',
34 silly addNameRange     '1.8.3',
34 silly addNameRange     '1.9.0',
34 silly addNameRange     '1.9.1',
34 silly addNameRange     '1.9.2',
34 silly addNameRange     '1.9.3',
34 silly addNameRange     '1.9.4',
34 silly addNameRange     '1.10.0',
34 silly addNameRange     '1.10.1',
34 silly addNameRange     '1.10.2',
34 silly addNameRange     '1.10.3',
34 silly addNameRange     '1.10.4',
34 silly addNameRange     '1.10.5',
34 silly addNameRange     '1.10.6',
34 silly addNameRange     '1.10.7',
34 silly addNameRange     '1.10.8',
34 silly addNameRange     '1.10.9',
34 silly addNameRange     '1.10.11',
34 silly addNameRange     '1.10.12',
34 silly addNameRange     '1.10.13',
34 silly addNameRange     '1.10.14',
34 silly addNameRange     '1.10.15',
34 silly addNameRange     '1.10.16',
34 silly addNameRange     '1.10.17',
34 silly addNameRange     '1.11.0',
34 silly addNameRange     '1.11.1',
34 silly addNameRange     '1.12.0',
34 silly addNameRange     '1.12.1',
34 silly addNameRange     '1.12.2',
34 silly addNameRange     '1.12.3',
34 silly addNameRange     '1.13.0',
34 silly addNameRange     '1.13.1',
34 silly addNameRange     '1.13.2',
34 silly addNameRange     '1.13.3',
34 silly addNameRange     '1.13.4',
34 silly addNameRange     '1.13.5',
34 silly addNameRange     '1.13.6',
34 silly addNameRange     '1.13.8',
34 silly addNameRange     '1.13.9',
34 silly addNameRange     '1.13.10',
34 silly addNameRange     '1.14.0',
34 silly addNameRange     '1.14.1',
34 silly addNameRange     '1.14.2',
34 silly addNameRange     '1.14.3',
34 silly addNameRange     '1.14.4',
34 silly addNameRange     '1.14.5',
34 silly addNameRange     '1.15.0',
34 silly addNameRange     '1.15.1',
34 silly addNameRange     '1.15.2',
34 silly addNameRange     '1.15.3',
34 silly addNameRange     '1.15.4',
34 silly addNameRange     '1.15.5',
34 silly addNameRange     '1.15.6',
34 silly addNameRange     '1.16.0',
34 silly addNameRange     '1.16.1',
34 silly addNameRange     '1.16.2',
34 silly addNameRange     '1.16.3',
34 silly addNameRange     '1.16.4',
34 silly addNameRange     '1.16.5',
34 silly addNameRange     '1.16.6',
34 silly addNameRange     '1.16.7',
34 silly addNameRange     '1.16.8',
34 silly addNameRange     '1.17.0',
34 silly addNameRange     '1.17.1',
34 silly addNameRange     '1.17.2',
34 silly addNameRange     '1.17.3',
34 silly addNameRange     '1.18.0',
34 silly addNameRange     '2.0.0',
34 silly addNameRange     '2.0.1',
34 silly addNameRange     '2.1.0',
34 silly addNameRange     '2.2.0',
34 silly addNameRange     '2.2.1',
34 silly addNameRange     '2.2.2',
34 silly addNameRange     '2.2.3',
34 silly addNameRange     '2.2.4',
34 silly addNameRange     '2.2.5',
34 silly addNameRange     '2.2.6',
34 silly addNameRange     '2.3.0',
34 silly addNameRange     '2.3.1',
34 silly addNameRange     '2.4.0',
34 silly addNameRange     '2.4.1',
34 silly addNameRange     '2.4.2',
34 silly addNameRange     '2.4.3',
34 silly addNameRange     '2.5.0',
34 silly addNameRange     '2.5.1',
34 silly addNameRange     '2.6.0',
34 silly addNameRange     '2.6.1',
34 silly addNameRange     '2.7.0',
34 silly addNameRange     '2.7.1',
34 silly addNameRange     '2.7.2',
34 silly addNameRange     '2.7.3',
34 silly addNameRange     '2.7.4',
34 silly addNameRange     '2.8.0',
34 silly addNameRange     '2.8.1',
34 silly addNameRange     '2.9.0',
34 silly addNameRange     '2.10.0',
34 silly addNameRange     '2.10.1',
34 silly addNameRange     '2.10.2',
34 silly addNameRange     '2.11.0',
34 silly addNameRange     '2.12.0',
34 silly addNameRange     '2.12.1',
34 silly addNameRange     '2.12.2',
34 silly addNameRange     '2.12.3',
34 silly addNameRange     '2.12.4',
34 silly addNameRange     '2.12.5',
34 silly addNameRange     '2.13.0',
34 silly addNameRange     '2.13.1',
34 silly addNameRange     '2.13.2',
34 silly addNameRange     '2.13.3',
34 silly addNameRange     '2.14.0',
34 silly addNameRange     '2.14.1',
34 silly addNameRange     '2.14.2',
34 silly addNameRange     '2.15.0',
34 silly addNameRange     '2.16.0',
34 silly addNameRange     '2.17.0',
34 silly addNameRange     '2.17.1',
34 silly addNameRange     '2.17.2',
34 silly addNameRange     '2.17.3',
34 silly addNameRange     '2.17.4',
34 silly addNameRange     '2.18.0',
34 silly addNameRange     '2.18.1',
34 silly addNameRange     '2.19.0',
34 silly addNameRange     '2.20.0',
34 silly addNameRange     '2.20.1',
34 silly addNameRange     '2.20.2',
34 silly addNameRange     '2.21.0',
34 silly addNameRange     '2.22.0',
34 silly addNameRange     '2.23.0',
34 silly addNameRange     '2.23.1',
34 silly addNameRange     '2.24.0',
34 silly addNameRange     '2.24.1',
34 silly addNameRange     '2.24.2',
34 silly addNameRange     '2.24.3',
34 silly addNameRange     '2.25.0',
34 silly addNameRange     '2.25.1',
34 silly addNameRange     '2.26.0',
34 silly addNameRange     '2.27.0',
34 silly addNameRange     '2.27.1',
34 silly addNameRange     '2.28.0',
34 silly addNameRange     '2.29.0',
34 silly addNameRange     '2.29.1',
34 silly addNameRange     '2.30.0',
34 silly addNameRange     '2.31.0',
34 silly addNameRange     '2.32.0',
34 silly addNameRange     '2.32.1',
34 silly addNameRange     '2.32.2',
34 silly addNameRange     '2.32.3',
34 silly addNameRange     '2.32.4',
34 silly addNameRange     '2.33.0',
34 silly addNameRange     '2.33.1',
34 silly addNameRange     '2.34.0',
34 silly addNameRange     '2.34.1',
34 silly addNameRange     '2.34.2',
34 silly addNameRange     '2.34.3',
34 silly addNameRange     '2.35.0',
34 silly addNameRange     '2.35.1',
34 silly addNameRange     '2.35.2',
34 silly addNameRange     '2.35.3',
34 silly addNameRange     '2.35.4',
34 silly addNameRange     '2.36.0',
34 silly addNameRange     '2.36.1',
34 silly addNameRange     '3.0.0',
34 silly addNameRange     '3.1.0',
34 silly addNameRange     '3.1.1',
34 silly addNameRange     '3.1.2',
34 silly addNameRange     '3.1.3',
34 silly addNameRange     '3.2.0',
34 silly addNameRange     '3.2.1',
34 silly addNameRange     '3.2.2',
34 silly addNameRange     '3.3.0',
34 silly addNameRange     '3.4.0',
34 silly addNameRange     '3.4.1',
34 silly addNameRange     '3.5.0',
34 silly addNameRange     '3.6.0',
34 silly addNameRange     '3.7.0',
34 silly addNameRange     '3.8.0',
34 silly addNameRange     '3.8.1',
34 silly addNameRange     '3.9.0',
34 silly addNameRange     '3.9.1',
34 silly addNameRange     '3.10.0',
34 silly addNameRange     '3.11.0',
34 silly addNameRange     '3.11.1',
34 silly addNameRange     '3.12.0',
34 silly addNameRange     '3.13.0',
34 silly addNameRange     '3.14.0',
34 silly addNameRange     '3.14.1',
34 silly addNameRange     '3.16.0',
34 silly addNameRange     '3.16.1',
34 silly addNameRange     '3.17.0',
34 silly addNameRange     '3.18.0',
34 silly addNameRange     '3.19.0',
34 silly addNameRange     '3.19.1',
34 silly addNameRange     '3.20.0',
34 silly addNameRange     '3.20.1',
34 silly addNameRange     '3.20.2',
34 silly addNameRange     '3.21.0',
34 silly addNameRange     '3.21.1',
34 silly addNameRange     '3.22.0',
34 silly addNameRange     '3.22.1',
34 silly addNameRange     '3.23.0',
34 silly addNameRange     '3.23.1',
34 silly addNameRange     '3.24.0',
34 silly addNameRange     '3.24.1',
34 silly addNameRange     '3.24.2',
34 silly addNameRange     '3.24.3',
34 silly addNameRange     '3.24.4',
34 silly addNameRange     '3.24.5',
34 silly addNameRange     '3.24.6',
34 silly addNameRange     '3.24.7',
34 silly addNameRange     '3.24.8',
34 silly addNameRange     '3.24.9',
34 silly addNameRange     '3.24.10',
34 silly addNameRange     '3.24.11',
34 silly addNameRange     '3.24.13',
34 silly addNameRange     '3.25.0',
34 silly addNameRange     '3.25.1',
34 silly addNameRange     '3.25.2',
34 silly addNameRange     '3.26.0',
34 silly addNameRange     '3.27.0',
34 silly addNameRange     '3.27.1',
34 silly addNameRange     '3.28.0',
34 silly addNameRange     '3.28.1',
34 silly addNameRange     '3.28.2',
34 silly addNameRange     '3.29.0',
34 silly addNameRange     '3.29.1',
34 silly addNameRange     '3.30.0',
34 silly addNameRange     '3.30.1',
34 silly addNameRange     '3.30.2',
34 silly addNameRange     '3.30.3',
34 silly addNameRange     '3.30.4',
34 silly addNameRange     '3.31.0',
34 silly addNameRange     '3.31.1',
34 silly addNameRange     '3.31.2',
34 silly addNameRange     '3.32.0',
34 silly addNameRange     '3.32.1',
34 silly addNameRange     '3.33.0',
34 silly addNameRange     '3.33.1',
34 silly addNameRange     '3.34.0',
34 silly addNameRange     '3.35.0',
34 silly addNameRange     '3.36.0',
34 silly addNameRange     '3.36.1',
34 silly addNameRange     '3.37.0',
34 silly addNameRange     '3.37.1',
34 silly addNameRange     '3.37.2',
34 silly addNameRange     '3.38.0',
34 silly addNameRange     '3.38.1',
34 silly addNameRange     '3.39.0',
34 silly addNameRange     '3.40.0',
34 silly addNameRange     '3.40.1',
34 silly addNameRange     '3.40.2',
34 silly addNameRange     '3.40.3',
34 silly addNameRange     '3.40.4',
34 silly addNameRange     '3.41.0',
34 silly addNameRange     '3.42.0',
34 silly addNameRange     '3.43.0',
34 silly addNameRange     '3.44.0',
34 silly addNameRange     '3.44.1',
34 silly addNameRange     '3.44.2',
34 silly addNameRange     '3.45.0',
34 silly addNameRange     '3.46.0',
34 silly addNameRange     '3.46.1',
34 silly addNameRange     '4.0.0',
34 silly addNameRange     '4.1.0',
34 silly addNameRange     '4.1.1',
34 silly addNameRange     '4.1.2',
34 silly addNameRange     '4.1.3',
34 silly addNameRange     '4.1.4',
34 silly addNameRange     '4.1.5',
34 silly addNameRange     '4.1.6',
34 silly addNameRange     '4.1.7',
34 silly addNameRange     '4.1.8',
34 silly addNameRange     '4.1.9',
34 silly addNameRange     '4.1.10',
34 silly addNameRange     '4.1.11',
34 silly addNameRange     '4.2.0',
34 silly addNameRange     '4.2.1',
34 silly addNameRange     '4.2.2',
34 silly addNameRange     '4.2.3',
34 silly addNameRange     '5.0.0',
34 silly addNameRange     '5.0.1',
34 silly addNameRange     '5.0.2',
34 silly addNameRange     '5.0.3',
34 silly addNameRange     '5.0.4',
34 silly addNameRange     '5.0.5',
34 silly addNameRange     '5.0.6',
34 silly addNameRange     '5.0.7',
34 silly addNameRange     '5.0.8',
34 silly addNameRange     '5.1.0',
34 silly addNameRange     '5.1.1',
34 silly addNameRange     '5.2.0',
34 silly addNameRange     '5.2.1',
34 silly addNameRange     '5.3.0',
34 silly addNameRange     '5.4.0',
34 silly addNameRange     '5.4.1',
34 silly addNameRange     '5.4.2',
34 silly addNameRange     '5.5.0',
34 silly addNameRange     '5.6.0',
34 silly addNameRange     '5.6.1',
34 silly addNameRange     '5.7.0',
34 silly addNameRange     '5.8.0',
34 silly addNameRange     '5.9.0',
34 silly addNameRange     '5.9.1',
34 silly addNameRange     '5.9.2',
34 silly addNameRange     '5.9.3',
34 silly addNameRange     '5.10.0',
34 silly addNameRange     '5.10.1',
34 silly addNameRange     '5.11.0',
34 silly addNameRange     '5.11.1',
34 silly addNameRange     '5.11.2',
34 silly addNameRange     '5.12.0',
34 silly addNameRange     '5.12.1',
34 silly addNameRange     '5.12.2',
34 silly addNameRange     '5.13.0',
34 silly addNameRange     '5.13.1',
34 silly addNameRange     '6.0.0',
34 silly addNameRange     '6.0.1',
34 silly addNameRange     '6.0.2',
34 silly addNameRange     '6.0.3',
34 silly addNameRange     '6.1.0',
34 silly addNameRange     '6.1.1',
34 silly addNameRange     '6.1.2',
34 silly addNameRange     '6.2.0',
34 silly addNameRange     '6.3.0',
34 silly addNameRange     '6.3.1',
34 silly addNameRange     '6.3.2',
34 silly addNameRange     '6.3.3',
34 silly addNameRange     '6.3.4',
34 silly addNameRange     '7.0.0',
34 silly addNameRange     '7.0.1',
34 silly addNameRange     '7.0.2',
34 silly addNameRange     '7.0.3',
34 silly addNameRange     '7.1.0',
34 silly addNameRange     '8.0.0',
34 silly addNameRange     '8.0.1',
34 silly addNameRange     '8.0.2',
34 silly addNameRange     '8.0.3',
34 silly addNameRange     '8.1.0',
34 silly addNameRange     '8.1.1',
34 silly addNameRange     '8.1.2',
34 silly addNameRange     '8.1.3',
34 silly addNameRange     '9.0.0',
34 silly addNameRange     '9.0.1',
34 silly addNameRange     '9.0.2',
34 silly addNameRange     '9.0.3',
34 silly addNameRange     '9.0.4',
34 silly addNameRange     '9.0.5',
34 silly addNameRange     '9.0.6',
34 silly addNameRange     '9.0.7',
34 silly addNameRange     '9.0.8',
34 silly addNameRange     '10.0.0',
34 silly addNameRange     '10.1.0',
34 silly addNameRange     '10.1.1',
34 silly addNameRange     '10.1.2',
34 silly addNameRange     '10.1.3',
34 silly addNameRange     '10.2.0',
34 silly addNameRange     '10.2.1',
34 silly addNameRange     '10.2.3',
34 silly addNameRange     '10.2.4' ] ]
35 verbose addNamed [ 'browserify', '10.2.4' ]
36 verbose addNamed [ '10.2.4', '10.2.4' ]
37 silly lockFile c53a5862-browserify-10-2-4 browserify@10.2.4
38 verbose lock browserify@10.2.4 /home/morathil/.npm/c53a5862-browserify-10-2-4.lock
39 silly lockFile 61dd0e58-browserify-browserify-10-2-4-tgz https://registry.npmjs.org/browserify/-/browserify-10.2.4.tgz
40 verbose lock https://registry.npmjs.org/browserify/-/browserify-10.2.4.tgz /home/morathil/.npm/61dd0e58-browserify-browserify-10-2-4-tgz.lock
41 verbose addRemoteTarball [ 'https://registry.npmjs.org/browserify/-/browserify-10.2.4.tgz',
41 verbose addRemoteTarball   '670cb7dcdd40d67a221e0a1bb757a1d1e8378043' ]
42 info retry fetch attempt 1 at 22:49:35
43 verbose fetch to= /tmp/npm-29557-d7vUaw_G/registry.npmjs.org/browserify/-/browserify-10.2.4.tgz
44 http GET https://registry.npmjs.org/browserify/-/browserify-10.2.4.tgz
45 http 200 https://registry.npmjs.org/browserify/-/browserify-10.2.4.tgz
46 silly lockFile 61dd0e58-browserify-browserify-10-2-4-tgz https://registry.npmjs.org/browserify/-/browserify-10.2.4.tgz
47 silly lockFile 61dd0e58-browserify-browserify-10-2-4-tgz https://registry.npmjs.org/browserify/-/browserify-10.2.4.tgz
48 silly lockFile c53a5862-browserify-10-2-4 browserify@10.2.4
49 silly lockFile c53a5862-browserify-10-2-4 browserify@10.2.4
50 silly lockFile 80140245-browserify browserify@
51 silly lockFile 80140245-browserify browserify@
52 error Error: EACCES, mkdir '/home/morathil/.npm/browserify/10.2.4'
52 error  { [Error: EACCES, mkdir '/home/morathil/.npm/browserify/10.2.4']
52 error   errno: 3,
52 error   code: 'EACCES',
52 error   path: '/home/morathil/.npm/browserify/10.2.4',
52 error   parent: 'repiws' }
53 error Please try running this command again as root/Administrator.
54 error System Linux 3.16.0-41-generic
55 error command "/usr/local/bin/node" "/usr/local/bin/npm" "install" "--save-dev" "browserify"
56 error cwd /home/morathil/projects/repiws
57 error node -v v0.10.38
58 error npm -v 1.4.28
59 error path /home/morathil/.npm/browserify/10.2.4
60 error code EACCES
61 error errno 3
62 error stack Error: EACCES, mkdir '/home/morathil/.npm/browserify/10.2.4'
63 verbose exit [ 3, true ]
